\BOOKMARK [1][-]{section*.5}{ CAP\315TULO 1 Procedimento para obter parametriza\347\365es interpret\341veis em modelos n\343o lineares}{}
\BOOKMARK [1][-]{section.1}{INTRODU\307\303O}{}
\BOOKMARK [1][-]{section.2}{REPARAMETRIZA\307\303O}{}
\BOOKMARK [2][-]{subsection.2.1}{Reparametriza\347\343o 1:1 - Modelos para ac\372mulo com \352nfase na fra\347\343o do total}{section.2}
\BOOKMARK [2][-]{subsection.2.2}{Outros modelos}{section.2}
\BOOKMARK [1][-]{section.3}{ESTIMA\307\303O}{}
\BOOKMARK [2][-]{subsection.3.1}{Verossimilhan\347a}{section.3}
\BOOKMARK [2][-]{subsection.3.2}{M\351todo delta}{section.3}
\BOOKMARK [1][-]{section.4}{CONSIDERA\307\325ES FINAIS}{}
\BOOKMARK [1][-]{section.4}{ REFER\312NCIAS}{}
\BOOKMARK [1][-]{section*.12}{ CAP\315TULO 2 Modelo n\343o linear para o n\355vel de dano econ\364mico da desfolha no algodoeiro}{}
\BOOKMARK [1][-]{section.chX.1}{INTRODU\307\303O}{}
\BOOKMARK [1][-]{section.chX.2}{MODELO}{}
\BOOKMARK [1][-]{section.chX.3}{MATERIAL E M\311TODOS}{}
\BOOKMARK [1][-]{section.chX.4}{RESULTADOS E DISCUSS\303O}{}
\BOOKMARK [1][-]{section.chX.5}{CONCLUS\325ES}{}
\BOOKMARK [1][-]{section.chX.5}{ REFER\312NCIAS}{}
\BOOKMARK [1][-]{section*.17}{ ANEXOS}{}
\BOOKMARK [1][-]{table.caption.19}{ CAP\315TULO 3 Parametriza\347\343o do modelo van Genuchten para infer\352ncia sobre os par\342metros S e I}{}
\BOOKMARK [1][-]{section.chY.1}{INTRODU\307\303O}{}
\BOOKMARK [1][-]{section.chY.2}{RETEN\307\303O DE \301GUA E TAMANHO DE POROS}{}
\BOOKMARK [1][-]{section.chY.3}{MATERIAL E M\311TODOS}{}
\BOOKMARK [1][-]{section.chY.4}{RESULTADOS E DISCUSS\303O}{}
\BOOKMARK [1][-]{section.chY.5}{CONCLUS\325ES}{}
\BOOKMARK [1][-]{section.chY.5}{ REFER\312NCIAS}{}
\BOOKMARK [1][-]{section*.25}{ ANEXOS}{}
